实验2/WordBook/app/build/intermediates/manifest_merge_blame_file/debug/manifest-merger-blame-debug-report.txt
1<?xml version="1.0" encoding="utf-8"?>
2<manifest xmlns:android="http://schemas.android.com/apk/res/android"
3    package="com.example.wordbook"
4    android:versionCode="1"
5    android:versionName="1.0" >
6
7    <uses-sdk
8        android:minSdkVersion="26"
8-->src\main\AndroidManifest.xml
9        android:targetSdkVersion="30" />
9-->src\main\AndroidManifest.xml
10
11    <application
11-->src\main\AndroidManifest.xml:5:5-26:19
12        android:allowBackup="true"
12-->src\main\AndroidManifest.xml:6:9-35
13        android:appComponentFactory="androidx.core.app.CoreComponentFactory"
13-->[androidx.core:core:1.3.1] AndroidManifest.xml:24:18-86
14        android:debuggable="true"
15        android:extractNativeLibs="false"
16        android:icon="@mipmap/ic_launcher"
16-->src\main\AndroidManifest.xml:7:9-43
17        android:label="@string/app_name"
17-->src\main\AndroidManifest.xml:8:9-41
18        android:roundIcon="@mipmap/ic_launcher_round"
18-->src\main\AndroidManifest.xml:9:9-54
19        android:supportsRtl="true"
19-->src\main\AndroidManifest.xml:10:9-35
20        android:testOnly="true"
21        android:theme="@style/AppTheme" >
21-->src\main\AndroidManifest.xml:11:9-40
22        <provider
22-->src\main\AndroidManifest.xml:12:9-17:20
23            android:name="com.example.wordbook.WordsProvider"
23-->src\main\AndroidManifest.xml:13:13-42
24            android:authorities="provide.words"
24-->src\main\AndroidManifest.xml:14:13-48
25            android:enabled="true"
25-->src\main\AndroidManifest.xml:15:13-35
26            android:exported="true" >
26-->src\main\AndroidManifest.xml:16:13-36
27        </provider>
28
29        <activity android:name="com.example.wordbook.MainActivity" >
29-->src\main\AndroidManifest.xml:19:9-25:20
29-->src\main\AndroidManifest.xml:19:19-47
30            <intent-filter>
30-->src\main\AndroidManifest.xml:20:13-24:29
31                <action android:name="android.intent.action.MAIN" />
31-->src\main\AndroidManifest.xml:21:17-69
31-->src\main\AndroidManifest.xml:21:25-66
32
33                <category android:name="android.intent.category.LAUNCHER" />
33-->src\main\AndroidManifest.xml:23:17-77
33-->src\main\AndroidManifest.xml:23:27-74
34            </intent-filter>
35        </activity>
36    </application>
37
38</manifest>